<?xml version="1.0" encoding="utf-8"?><testsuites name="pytest tests"><testsuite name="pytest" errors="10" failures="0" skipped="0" tests="10" time="4.173" timestamp="2026-01-07T03:10:21.867921-08:00" hostname="aiden"><testcase classname="" name="src.hackingBuddyGPT.usecases.web_api_testing.testing.test_handler" time="0.000"><error message="collection failure">venvs\venv_hackingBuddyGPT\Lib\site-packages\_pytest\python.py:507: in importtestmodule
    mod = import_path(
venvs\venv_hackingBuddyGPT\Lib\site-packages\_pytest\pathlib.py:549: in import_path
    mod = _import_module_using_spec(
venvs\venv_hackingBuddyGPT\Lib\site-packages\_pytest\pathlib.py:687: in _import_module_using_spec
    parent_module = _import_module_using_spec(
venvs\venv_hackingBuddyGPT\Lib\site-packages\_pytest\pathlib.py:687: in _import_module_using_spec
    parent_module = _import_module_using_spec(
venvs\venv_hackingBuddyGPT\Lib\site-packages\_pytest\pathlib.py:687: in _import_module_using_spec
    parent_module = _import_module_using_spec(
venvs\venv_hackingBuddyGPT\Lib\site-packages\_pytest\pathlib.py:725: in _import_module_using_spec
    spec.loader.exec_module(mod)  # type: ignore[union-attr]
    ^^^^^^^^^^^^^^^^^^^^^^^^^^^^
&lt;frozen importlib._bootstrap_external&gt;:999: in exec_module
    ???
&lt;frozen importlib._bootstrap&gt;:488: in _call_with_frames_removed
    ???
projects\hackingBuddyGPT\src\hackingBuddyGPT\usecases\__init__.py:4: in &lt;module&gt;
    from .web_api_testing import *
projects\hackingBuddyGPT\src\hackingBuddyGPT\usecases\web_api_testing\__init__.py:1: in &lt;module&gt;
    from .simple_openapi_documentation import SimpleWebAPIDocumentation
projects\hackingBuddyGPT\src\hackingBuddyGPT\usecases\web_api_testing\simple_openapi_documentation.py:12: in &lt;module&gt;
    from hackingBuddyGPT.usecases.web_api_testing.documentation.openapi_specification_handler import \
projects\hackingBuddyGPT\src\hackingBuddyGPT\usecases\web_api_testing\documentation\__init__.py:1: in &lt;module&gt;
    from .openapi_specification_handler import OpenAPISpecificationHandler
projects\hackingBuddyGPT\src\hackingBuddyGPT\usecases\web_api_testing\documentation\openapi_specification_handler.py:8: in &lt;module&gt;
    from hackingBuddyGPT.utils.prompt_generation.information import PromptStrategy
projects\hackingBuddyGPT\src\hackingBuddyGPT\utils\prompt_generation\__init__.py:1: in &lt;module&gt;
    from .prompt_engineer import PromptEngineer
projects\hackingBuddyGPT\src\hackingBuddyGPT\utils\prompt_generation\prompt_engineer.py:12: in &lt;module&gt;
    from hackingBuddyGPT.utils.prompt_generation.prompts.task_planning import (
projects\hackingBuddyGPT\src\hackingBuddyGPT\utils\prompt_generation\prompts\task_planning\__init__.py:3: in &lt;module&gt;
    from .tree_of_thought_prompt import TreeOfThoughtPrompt
projects\hackingBuddyGPT\src\hackingBuddyGPT\utils\prompt_generation\prompts\task_planning\tree_of_thought_prompt.py:11: in &lt;module&gt;
    from hackingBuddyGPT.usecases.web_api_testing.utils.custom_datatypes import Prompt
projects\hackingBuddyGPT\src\hackingBuddyGPT\usecases\web_api_testing\utils\__init__.py:2: in &lt;module&gt;
    from .llm_handler import LLMHandler
E     File "d:\MPCO-dupe\pipeline\profiler\projects\hackingBuddyGPT\src\hackingBuddyGPT\usecases\web_api_testing\utils\llm_handler.py", line 114
E       num_prompts = 10 if self.adjusting_counter == 2 else (
E                                                            ^
E   SyntaxError: '(' was never closed</error></testcase><testcase classname="" name="tests.test_llm_handler" time="0.000"><error message="collection failure">venvs\venv_hackingBuddyGPT\Lib\site-packages\_pytest\python.py:507: in importtestmodule
    mod = import_path(
venvs\venv_hackingBuddyGPT\Lib\site-packages\_pytest\pathlib.py:549: in import_path
    mod = _import_module_using_spec(
venvs\venv_hackingBuddyGPT\Lib\site-packages\_pytest\pathlib.py:725: in _import_module_using_spec
    spec.loader.exec_module(mod)  # type: ignore[union-attr]
    ^^^^^^^^^^^^^^^^^^^^^^^^^^^^
venvs\venv_hackingBuddyGPT\Lib\site-packages\_pytest\assertion\rewrite.py:197: in exec_module
    exec(co, module.__dict__)
projects\hackingBuddyGPT\tests\test_llm_handler.py:4: in &lt;module&gt;
    from hackingBuddyGPT.usecases.web_api_testing.utils import LLMHandler
projects\hackingBuddyGPT\src\hackingBuddyGPT\usecases\web_api_testing\__init__.py:1: in &lt;module&gt;
    from .simple_openapi_documentation import SimpleWebAPIDocumentation
projects\hackingBuddyGPT\src\hackingBuddyGPT\usecases\web_api_testing\simple_openapi_documentation.py:12: in &lt;module&gt;
    from hackingBuddyGPT.usecases.web_api_testing.documentation.openapi_specification_handler import \
projects\hackingBuddyGPT\src\hackingBuddyGPT\usecases\web_api_testing\documentation\__init__.py:1: in &lt;module&gt;
    from .openapi_specification_handler import OpenAPISpecificationHandler
projects\hackingBuddyGPT\src\hackingBuddyGPT\usecases\web_api_testing\documentation\openapi_specification_handler.py:9: in &lt;module&gt;
    from hackingBuddyGPT.usecases.web_api_testing.response_processing import ResponseHandler
projects\hackingBuddyGPT\src\hackingBuddyGPT\usecases\web_api_testing\response_processing\__init__.py:2: in &lt;module&gt;
    from .response_handler import ResponseHandler
projects\hackingBuddyGPT\src\hackingBuddyGPT\usecases\web_api_testing\response_processing\response_handler.py:19: in &lt;module&gt;
    from hackingBuddyGPT.usecases.web_api_testing.response_processing.response_analyzer_with_llm import (
projects\hackingBuddyGPT\src\hackingBuddyGPT\usecases\web_api_testing\response_processing\response_analyzer_with_llm.py:13: in &lt;module&gt;
    from hackingBuddyGPT.usecases.web_api_testing.utils import LLMHandler
projects\hackingBuddyGPT\src\hackingBuddyGPT\usecases\web_api_testing\utils\__init__.py:2: in &lt;module&gt;
    from .llm_handler import LLMHandler
E     File "d:\MPCO-dupe\pipeline\profiler\projects\hackingBuddyGPT\src\hackingBuddyGPT\usecases\web_api_testing\utils\llm_handler.py", line 114
E       num_prompts = 10 if self.adjusting_counter == 2 else (
E                                                            ^
E   SyntaxError: '(' was never closed</error></testcase><testcase classname="" name="tests.test_openAPI_specification_manager" time="0.000"><error message="collection failure">venvs\venv_hackingBuddyGPT\Lib\site-packages\_pytest\python.py:507: in importtestmodule
    mod = import_path(
venvs\venv_hackingBuddyGPT\Lib\site-packages\_pytest\pathlib.py:549: in import_path
    mod = _import_module_using_spec(
venvs\venv_hackingBuddyGPT\Lib\site-packages\_pytest\pathlib.py:725: in _import_module_using_spec
    spec.loader.exec_module(mod)  # type: ignore[union-attr]
    ^^^^^^^^^^^^^^^^^^^^^^^^^^^^
venvs\venv_hackingBuddyGPT\Lib\site-packages\_pytest\assertion\rewrite.py:197: in exec_module
    exec(co, module.__dict__)
projects\hackingBuddyGPT\tests\test_openAPI_specification_manager.py:5: in &lt;module&gt;
    from hackingBuddyGPT.usecases.web_api_testing.documentation import OpenAPISpecificationHandler
projects\hackingBuddyGPT\src\hackingBuddyGPT\usecases\web_api_testing\__init__.py:1: in &lt;module&gt;
    from .simple_openapi_documentation import SimpleWebAPIDocumentation
projects\hackingBuddyGPT\src\hackingBuddyGPT\usecases\web_api_testing\simple_openapi_documentation.py:12: in &lt;module&gt;
    from hackingBuddyGPT.usecases.web_api_testing.documentation.openapi_specification_handler import \
projects\hackingBuddyGPT\src\hackingBuddyGPT\usecases\web_api_testing\documentation\__init__.py:1: in &lt;module&gt;
    from .openapi_specification_handler import OpenAPISpecificationHandler
projects\hackingBuddyGPT\src\hackingBuddyGPT\usecases\web_api_testing\documentation\openapi_specification_handler.py:9: in &lt;module&gt;
    from hackingBuddyGPT.usecases.web_api_testing.response_processing import ResponseHandler
projects\hackingBuddyGPT\src\hackingBuddyGPT\usecases\web_api_testing\response_processing\__init__.py:2: in &lt;module&gt;
    from .response_handler import ResponseHandler
projects\hackingBuddyGPT\src\hackingBuddyGPT\usecases\web_api_testing\response_processing\response_handler.py:19: in &lt;module&gt;
    from hackingBuddyGPT.usecases.web_api_testing.response_processing.response_analyzer_with_llm import (
projects\hackingBuddyGPT\src\hackingBuddyGPT\usecases\web_api_testing\response_processing\response_analyzer_with_llm.py:13: in &lt;module&gt;
    from hackingBuddyGPT.usecases.web_api_testing.utils import LLMHandler
projects\hackingBuddyGPT\src\hackingBuddyGPT\usecases\web_api_testing\utils\__init__.py:2: in &lt;module&gt;
    from .llm_handler import LLMHandler
E     File "d:\MPCO-dupe\pipeline\profiler\projects\hackingBuddyGPT\src\hackingBuddyGPT\usecases\web_api_testing\utils\llm_handler.py", line 114
E       num_prompts = 10 if self.adjusting_counter == 2 else (
E                                                            ^
E   SyntaxError: '(' was never closed</error></testcase><testcase classname="" name="tests.test_pentesting_information" time="0.000"><error message="collection failure">venvs\venv_hackingBuddyGPT\Lib\site-packages\_pytest\python.py:507: in importtestmodule
    mod = import_path(
venvs\venv_hackingBuddyGPT\Lib\site-packages\_pytest\pathlib.py:549: in import_path
    mod = _import_module_using_spec(
venvs\venv_hackingBuddyGPT\Lib\site-packages\_pytest\pathlib.py:725: in _import_module_using_spec
    spec.loader.exec_module(mod)  # type: ignore[union-attr]
    ^^^^^^^^^^^^^^^^^^^^^^^^^^^^
venvs\venv_hackingBuddyGPT\Lib\site-packages\_pytest\assertion\rewrite.py:197: in exec_module
    exec(co, module.__dict__)
projects\hackingBuddyGPT\tests\test_pentesting_information.py:7: in &lt;module&gt;
    from hackingBuddyGPT.usecases.web_api_testing.utils.configuration_handler import ConfigurationHandler
projects\hackingBuddyGPT\src\hackingBuddyGPT\usecases\web_api_testing\__init__.py:1: in &lt;module&gt;
    from .simple_openapi_documentation import SimpleWebAPIDocumentation
projects\hackingBuddyGPT\src\hackingBuddyGPT\usecases\web_api_testing\simple_openapi_documentation.py:12: in &lt;module&gt;
    from hackingBuddyGPT.usecases.web_api_testing.documentation.openapi_specification_handler import \
projects\hackingBuddyGPT\src\hackingBuddyGPT\usecases\web_api_testing\documentation\__init__.py:1: in &lt;module&gt;
    from .openapi_specification_handler import OpenAPISpecificationHandler
projects\hackingBuddyGPT\src\hackingBuddyGPT\usecases\web_api_testing\documentation\openapi_specification_handler.py:9: in &lt;module&gt;
    from hackingBuddyGPT.usecases.web_api_testing.response_processing import ResponseHandler
projects\hackingBuddyGPT\src\hackingBuddyGPT\usecases\web_api_testing\response_processing\__init__.py:2: in &lt;module&gt;
    from .response_handler import ResponseHandler
projects\hackingBuddyGPT\src\hackingBuddyGPT\usecases\web_api_testing\response_processing\response_handler.py:19: in &lt;module&gt;
    from hackingBuddyGPT.usecases.web_api_testing.response_processing.response_analyzer_with_llm import (
projects\hackingBuddyGPT\src\hackingBuddyGPT\usecases\web_api_testing\response_processing\response_analyzer_with_llm.py:13: in &lt;module&gt;
    from hackingBuddyGPT.usecases.web_api_testing.utils import LLMHandler
projects\hackingBuddyGPT\src\hackingBuddyGPT\usecases\web_api_testing\utils\__init__.py:2: in &lt;module&gt;
    from .llm_handler import LLMHandler
E     File "d:\MPCO-dupe\pipeline\profiler\projects\hackingBuddyGPT\src\hackingBuddyGPT\usecases\web_api_testing\utils\llm_handler.py", line 114
E       num_prompts = 10 if self.adjusting_counter == 2 else (
E                                                            ^
E   SyntaxError: '(' was never closed</error></testcase><testcase classname="" name="tests.test_prompt_engineer_documentation" time="0.000"><error message="collection failure">venvs\venv_hackingBuddyGPT\Lib\site-packages\_pytest\python.py:507: in importtestmodule
    mod = import_path(
venvs\venv_hackingBuddyGPT\Lib\site-packages\_pytest\pathlib.py:549: in import_path
    mod = _import_module_using_spec(
venvs\venv_hackingBuddyGPT\Lib\site-packages\_pytest\pathlib.py:725: in _import_module_using_spec
    spec.loader.exec_module(mod)  # type: ignore[union-attr]
    ^^^^^^^^^^^^^^^^^^^^^^^^^^^^
venvs\venv_hackingBuddyGPT\Lib\site-packages\_pytest\assertion\rewrite.py:197: in exec_module
    exec(co, module.__dict__)
projects\hackingBuddyGPT\tests\test_prompt_engineer_documentation.py:16: in &lt;module&gt;
    from hackingBuddyGPT.usecases.web_api_testing.utils.configuration_handler import ConfigurationHandler
projects\hackingBuddyGPT\src\hackingBuddyGPT\usecases\web_api_testing\__init__.py:1: in &lt;module&gt;
    from .simple_openapi_documentation import SimpleWebAPIDocumentation
projects\hackingBuddyGPT\src\hackingBuddyGPT\usecases\web_api_testing\simple_openapi_documentation.py:12: in &lt;module&gt;
    from hackingBuddyGPT.usecases.web_api_testing.documentation.openapi_specification_handler import \
projects\hackingBuddyGPT\src\hackingBuddyGPT\usecases\web_api_testing\documentation\__init__.py:1: in &lt;module&gt;
    from .openapi_specification_handler import OpenAPISpecificationHandler
projects\hackingBuddyGPT\src\hackingBuddyGPT\usecases\web_api_testing\documentation\openapi_specification_handler.py:9: in &lt;module&gt;
    from hackingBuddyGPT.usecases.web_api_testing.response_processing import ResponseHandler
projects\hackingBuddyGPT\src\hackingBuddyGPT\usecases\web_api_testing\response_processing\__init__.py:2: in &lt;module&gt;
    from .response_handler import ResponseHandler
projects\hackingBuddyGPT\src\hackingBuddyGPT\usecases\web_api_testing\response_processing\response_handler.py:19: in &lt;module&gt;
    from hackingBuddyGPT.usecases.web_api_testing.response_processing.response_analyzer_with_llm import (
projects\hackingBuddyGPT\src\hackingBuddyGPT\usecases\web_api_testing\response_processing\response_analyzer_with_llm.py:13: in &lt;module&gt;
    from hackingBuddyGPT.usecases.web_api_testing.utils import LLMHandler
projects\hackingBuddyGPT\src\hackingBuddyGPT\usecases\web_api_testing\utils\__init__.py:2: in &lt;module&gt;
    from .llm_handler import LLMHandler
E     File "d:\MPCO-dupe\pipeline\profiler\projects\hackingBuddyGPT\src\hackingBuddyGPT\usecases\web_api_testing\utils\llm_handler.py", line 114
E       num_prompts = 10 if self.adjusting_counter == 2 else (
E                                                            ^
E   SyntaxError: '(' was never closed</error></testcase><testcase classname="" name="tests.test_prompt_engineer_testing" time="0.000"><error message="collection failure">venvs\venv_hackingBuddyGPT\Lib\site-packages\_pytest\python.py:507: in importtestmodule
    mod = import_path(
venvs\venv_hackingBuddyGPT\Lib\site-packages\_pytest\pathlib.py:549: in import_path
    mod = _import_module_using_spec(
venvs\venv_hackingBuddyGPT\Lib\site-packages\_pytest\pathlib.py:725: in _import_module_using_spec
    spec.loader.exec_module(mod)  # type: ignore[union-attr]
    ^^^^^^^^^^^^^^^^^^^^^^^^^^^^
venvs\venv_hackingBuddyGPT\Lib\site-packages\_pytest\assertion\rewrite.py:197: in exec_module
    exec(co, module.__dict__)
projects\hackingBuddyGPT\tests\test_prompt_engineer_testing.py:16: in &lt;module&gt;
    from hackingBuddyGPT.usecases.web_api_testing.utils.configuration_handler import ConfigurationHandler
projects\hackingBuddyGPT\src\hackingBuddyGPT\usecases\web_api_testing\__init__.py:1: in &lt;module&gt;
    from .simple_openapi_documentation import SimpleWebAPIDocumentation
projects\hackingBuddyGPT\src\hackingBuddyGPT\usecases\web_api_testing\simple_openapi_documentation.py:12: in &lt;module&gt;
    from hackingBuddyGPT.usecases.web_api_testing.documentation.openapi_specification_handler import \
projects\hackingBuddyGPT\src\hackingBuddyGPT\usecases\web_api_testing\documentation\__init__.py:1: in &lt;module&gt;
    from .openapi_specification_handler import OpenAPISpecificationHandler
projects\hackingBuddyGPT\src\hackingBuddyGPT\usecases\web_api_testing\documentation\openapi_specification_handler.py:9: in &lt;module&gt;
    from hackingBuddyGPT.usecases.web_api_testing.response_processing import ResponseHandler
projects\hackingBuddyGPT\src\hackingBuddyGPT\usecases\web_api_testing\response_processing\__init__.py:2: in &lt;module&gt;
    from .response_handler import ResponseHandler
projects\hackingBuddyGPT\src\hackingBuddyGPT\usecases\web_api_testing\response_processing\response_handler.py:19: in &lt;module&gt;
    from hackingBuddyGPT.usecases.web_api_testing.response_processing.response_analyzer_with_llm import (
projects\hackingBuddyGPT\src\hackingBuddyGPT\usecases\web_api_testing\response_processing\response_analyzer_with_llm.py:13: in &lt;module&gt;
    from hackingBuddyGPT.usecases.web_api_testing.utils import LLMHandler
projects\hackingBuddyGPT\src\hackingBuddyGPT\usecases\web_api_testing\utils\__init__.py:2: in &lt;module&gt;
    from .llm_handler import LLMHandler
E     File "d:\MPCO-dupe\pipeline\profiler\projects\hackingBuddyGPT\src\hackingBuddyGPT\usecases\web_api_testing\utils\llm_handler.py", line 114
E       num_prompts = 10 if self.adjusting_counter == 2 else (
E                                                            ^
E   SyntaxError: '(' was never closed</error></testcase><testcase classname="" name="tests.test_response_analyzer_with_llm" time="0.000"><error message="collection failure">venvs\venv_hackingBuddyGPT\Lib\site-packages\_pytest\python.py:507: in importtestmodule
    mod = import_path(
venvs\venv_hackingBuddyGPT\Lib\site-packages\_pytest\pathlib.py:549: in import_path
    mod = _import_module_using_spec(
venvs\venv_hackingBuddyGPT\Lib\site-packages\_pytest\pathlib.py:725: in _import_module_using_spec
    spec.loader.exec_module(mod)  # type: ignore[union-attr]
    ^^^^^^^^^^^^^^^^^^^^^^^^^^^^
venvs\venv_hackingBuddyGPT\Lib\site-packages\_pytest\assertion\rewrite.py:197: in exec_module
    exec(co, module.__dict__)
projects\hackingBuddyGPT\tests\test_response_analyzer_with_llm.py:4: in &lt;module&gt;
    from hackingBuddyGPT.usecases.web_api_testing.response_processing.response_analyzer_with_llm import ResponseAnalyzerWithLLM
projects\hackingBuddyGPT\src\hackingBuddyGPT\usecases\web_api_testing\__init__.py:1: in &lt;module&gt;
    from .simple_openapi_documentation import SimpleWebAPIDocumentation
projects\hackingBuddyGPT\src\hackingBuddyGPT\usecases\web_api_testing\simple_openapi_documentation.py:12: in &lt;module&gt;
    from hackingBuddyGPT.usecases.web_api_testing.documentation.openapi_specification_handler import \
projects\hackingBuddyGPT\src\hackingBuddyGPT\usecases\web_api_testing\documentation\__init__.py:1: in &lt;module&gt;
    from .openapi_specification_handler import OpenAPISpecificationHandler
projects\hackingBuddyGPT\src\hackingBuddyGPT\usecases\web_api_testing\documentation\openapi_specification_handler.py:9: in &lt;module&gt;
    from hackingBuddyGPT.usecases.web_api_testing.response_processing import ResponseHandler
projects\hackingBuddyGPT\src\hackingBuddyGPT\usecases\web_api_testing\response_processing\__init__.py:2: in &lt;module&gt;
    from .response_handler import ResponseHandler
projects\hackingBuddyGPT\src\hackingBuddyGPT\usecases\web_api_testing\response_processing\response_handler.py:19: in &lt;module&gt;
    from hackingBuddyGPT.usecases.web_api_testing.response_processing.response_analyzer_with_llm import (
projects\hackingBuddyGPT\src\hackingBuddyGPT\usecases\web_api_testing\response_processing\response_analyzer_with_llm.py:13: in &lt;module&gt;
    from hackingBuddyGPT.usecases.web_api_testing.utils import LLMHandler
projects\hackingBuddyGPT\src\hackingBuddyGPT\usecases\web_api_testing\utils\__init__.py:2: in &lt;module&gt;
    from .llm_handler import LLMHandler
E     File "d:\MPCO-dupe\pipeline\profiler\projects\hackingBuddyGPT\src\hackingBuddyGPT\usecases\web_api_testing\utils\llm_handler.py", line 114
E       num_prompts = 10 if self.adjusting_counter == 2 else (
E                                                            ^
E   SyntaxError: '(' was never closed</error></testcase><testcase classname="" name="tests.test_response_handler" time="0.000"><error message="collection failure">venvs\venv_hackingBuddyGPT\Lib\site-packages\_pytest\python.py:507: in importtestmodule
    mod = import_path(
venvs\venv_hackingBuddyGPT\Lib\site-packages\_pytest\pathlib.py:549: in import_path
    mod = _import_module_using_spec(
venvs\venv_hackingBuddyGPT\Lib\site-packages\_pytest\pathlib.py:725: in _import_module_using_spec
    spec.loader.exec_module(mod)  # type: ignore[union-attr]
    ^^^^^^^^^^^^^^^^^^^^^^^^^^^^
venvs\venv_hackingBuddyGPT\Lib\site-packages\_pytest\assertion\rewrite.py:197: in exec_module
    exec(co, module.__dict__)
projects\hackingBuddyGPT\tests\test_response_handler.py:7: in &lt;module&gt;
    from hackingBuddyGPT.usecases.web_api_testing.response_processing.response_handler import (
projects\hackingBuddyGPT\src\hackingBuddyGPT\usecases\web_api_testing\__init__.py:1: in &lt;module&gt;
    from .simple_openapi_documentation import SimpleWebAPIDocumentation
projects\hackingBuddyGPT\src\hackingBuddyGPT\usecases\web_api_testing\simple_openapi_documentation.py:12: in &lt;module&gt;
    from hackingBuddyGPT.usecases.web_api_testing.documentation.openapi_specification_handler import \
projects\hackingBuddyGPT\src\hackingBuddyGPT\usecases\web_api_testing\documentation\__init__.py:1: in &lt;module&gt;
    from .openapi_specification_handler import OpenAPISpecificationHandler
projects\hackingBuddyGPT\src\hackingBuddyGPT\usecases\web_api_testing\documentation\openapi_specification_handler.py:9: in &lt;module&gt;
    from hackingBuddyGPT.usecases.web_api_testing.response_processing import ResponseHandler
projects\hackingBuddyGPT\src\hackingBuddyGPT\usecases\web_api_testing\response_processing\__init__.py:2: in &lt;module&gt;
    from .response_handler import ResponseHandler
projects\hackingBuddyGPT\src\hackingBuddyGPT\usecases\web_api_testing\response_processing\response_handler.py:19: in &lt;module&gt;
    from hackingBuddyGPT.usecases.web_api_testing.response_processing.response_analyzer_with_llm import (
projects\hackingBuddyGPT\src\hackingBuddyGPT\usecases\web_api_testing\response_processing\response_analyzer_with_llm.py:13: in &lt;module&gt;
    from hackingBuddyGPT.usecases.web_api_testing.utils import LLMHandler
projects\hackingBuddyGPT\src\hackingBuddyGPT\usecases\web_api_testing\utils\__init__.py:2: in &lt;module&gt;
    from .llm_handler import LLMHandler
E     File "d:\MPCO-dupe\pipeline\profiler\projects\hackingBuddyGPT\src\hackingBuddyGPT\usecases\web_api_testing\utils\llm_handler.py", line 114
E       num_prompts = 10 if self.adjusting_counter == 2 else (
E                                                            ^
E   SyntaxError: '(' was never closed</error></testcase><testcase classname="" name="tests.test_web_api_documentation" time="0.000"><error message="collection failure">venvs\venv_hackingBuddyGPT\Lib\site-packages\_pytest\python.py:507: in importtestmodule
    mod = import_path(
venvs\venv_hackingBuddyGPT\Lib\site-packages\_pytest\pathlib.py:549: in import_path
    mod = _import_module_using_spec(
venvs\venv_hackingBuddyGPT\Lib\site-packages\_pytest\pathlib.py:725: in _import_module_using_spec
    spec.loader.exec_module(mod)  # type: ignore[union-attr]
    ^^^^^^^^^^^^^^^^^^^^^^^^^^^^
venvs\venv_hackingBuddyGPT\Lib\site-packages\_pytest\assertion\rewrite.py:197: in exec_module
    exec(co, module.__dict__)
projects\hackingBuddyGPT\tests\test_web_api_documentation.py:6: in &lt;module&gt;
    from hackingBuddyGPT.usecases.web_api_testing.simple_openapi_documentation import (
projects\hackingBuddyGPT\src\hackingBuddyGPT\usecases\web_api_testing\__init__.py:1: in &lt;module&gt;
    from .simple_openapi_documentation import SimpleWebAPIDocumentation
projects\hackingBuddyGPT\src\hackingBuddyGPT\usecases\web_api_testing\simple_openapi_documentation.py:12: in &lt;module&gt;
    from hackingBuddyGPT.usecases.web_api_testing.documentation.openapi_specification_handler import \
projects\hackingBuddyGPT\src\hackingBuddyGPT\usecases\web_api_testing\documentation\__init__.py:1: in &lt;module&gt;
    from .openapi_specification_handler import OpenAPISpecificationHandler
projects\hackingBuddyGPT\src\hackingBuddyGPT\usecases\web_api_testing\documentation\openapi_specification_handler.py:9: in &lt;module&gt;
    from hackingBuddyGPT.usecases.web_api_testing.response_processing import ResponseHandler
projects\hackingBuddyGPT\src\hackingBuddyGPT\usecases\web_api_testing\response_processing\__init__.py:2: in &lt;module&gt;
    from .response_handler import ResponseHandler
projects\hackingBuddyGPT\src\hackingBuddyGPT\usecases\web_api_testing\response_processing\response_handler.py:19: in &lt;module&gt;
    from hackingBuddyGPT.usecases.web_api_testing.response_processing.response_analyzer_with_llm import (
projects\hackingBuddyGPT\src\hackingBuddyGPT\usecases\web_api_testing\response_processing\response_analyzer_with_llm.py:13: in &lt;module&gt;
    from hackingBuddyGPT.usecases.web_api_testing.utils import LLMHandler
projects\hackingBuddyGPT\src\hackingBuddyGPT\usecases\web_api_testing\utils\__init__.py:2: in &lt;module&gt;
    from .llm_handler import LLMHandler
E     File "d:\MPCO-dupe\pipeline\profiler\projects\hackingBuddyGPT\src\hackingBuddyGPT\usecases\web_api_testing\utils\llm_handler.py", line 114
E       num_prompts = 10 if self.adjusting_counter == 2 else (
E                                                            ^
E   SyntaxError: '(' was never closed</error></testcase><testcase classname="" name="tests.test_web_api_testing" time="0.000"><error message="collection failure">venvs\venv_hackingBuddyGPT\Lib\site-packages\_pytest\python.py:507: in importtestmodule
    mod = import_path(
venvs\venv_hackingBuddyGPT\Lib\site-packages\_pytest\pathlib.py:549: in import_path
    mod = _import_module_using_spec(
venvs\venv_hackingBuddyGPT\Lib\site-packages\_pytest\pathlib.py:725: in _import_module_using_spec
    spec.loader.exec_module(mod)  # type: ignore[union-attr]
    ^^^^^^^^^^^^^^^^^^^^^^^^^^^^
venvs\venv_hackingBuddyGPT\Lib\site-packages\_pytest\assertion\rewrite.py:197: in exec_module
    exec(co, module.__dict__)
projects\hackingBuddyGPT\tests\test_web_api_testing.py:4: in &lt;module&gt;
    from hackingBuddyGPT.usecases.web_api_testing.simple_web_api_testing import (
projects\hackingBuddyGPT\src\hackingBuddyGPT\usecases\web_api_testing\__init__.py:1: in &lt;module&gt;
    from .simple_openapi_documentation import SimpleWebAPIDocumentation
projects\hackingBuddyGPT\src\hackingBuddyGPT\usecases\web_api_testing\simple_openapi_documentation.py:12: in &lt;module&gt;
    from hackingBuddyGPT.usecases.web_api_testing.documentation.openapi_specification_handler import \
projects\hackingBuddyGPT\src\hackingBuddyGPT\usecases\web_api_testing\documentation\__init__.py:1: in &lt;module&gt;
    from .openapi_specification_handler import OpenAPISpecificationHandler
projects\hackingBuddyGPT\src\hackingBuddyGPT\usecases\web_api_testing\documentation\openapi_specification_handler.py:9: in &lt;module&gt;
    from hackingBuddyGPT.usecases.web_api_testing.response_processing import ResponseHandler
projects\hackingBuddyGPT\src\hackingBuddyGPT\usecases\web_api_testing\response_processing\__init__.py:2: in &lt;module&gt;
    from .response_handler import ResponseHandler
projects\hackingBuddyGPT\src\hackingBuddyGPT\usecases\web_api_testing\response_processing\response_handler.py:19: in &lt;module&gt;
    from hackingBuddyGPT.usecases.web_api_testing.response_processing.response_analyzer_with_llm import (
projects\hackingBuddyGPT\src\hackingBuddyGPT\usecases\web_api_testing\response_processing\response_analyzer_with_llm.py:13: in &lt;module&gt;
    from hackingBuddyGPT.usecases.web_api_testing.utils import LLMHandler
projects\hackingBuddyGPT\src\hackingBuddyGPT\usecases\web_api_testing\utils\__init__.py:2: in &lt;module&gt;
    from .llm_handler import LLMHandler
E     File "d:\MPCO-dupe\pipeline\profiler\projects\hackingBuddyGPT\src\hackingBuddyGPT\usecases\web_api_testing\utils\llm_handler.py", line 114
E       num_prompts = 10 if self.adjusting_counter == 2 else (
E                                                            ^
E   SyntaxError: '(' was never closed</error></testcase></testsuite></testsuites>