<?xml version="1.0" encoding="utf-8"?><testsuites name="pytest tests"><testsuite name="pytest" errors="4" failures="0" skipped="0" tests="4" time="2.358" timestamp="2025-11-23T16:18:04.510550-08:00" hostname="aiden"><testcase classname="" name="tests.test_audio" time="0.000"><error message="collection failure">projects\whisper\tests\test_audio.py:5: in &lt;module&gt;
    from whisper.audio import SAMPLE_RATE, load_audio, log_mel_spectrogram
projects\whisper\whisper\__init__.py:12: in &lt;module&gt;
    from .decoding import DecodingOptions, DecodingResult, decode, detect_language
projects\whisper\whisper\decoding.py:11: in &lt;module&gt;
    from .tokenizer import Tokenizer, get_tokenizer
projects\whisper\whisper\tokenizer.py:132: in &lt;module&gt;
    class Tokenizer:
projects\whisper\whisper\tokenizer.py:167: in Tokenizer
    class OptimizedEncoder:
projects\whisper\whisper\tokenizer.py:213: in OptimizedEncoder
    def _encode_impl(self, text: str, **kwargs) -&gt; Any:
                                                   ^^^
E   NameError: name 'Any' is not defined</error></testcase><testcase classname="" name="tests.test_normalizer" time="0.000"><error message="collection failure">projects\whisper\tests\test_normalizer.py:3: in &lt;module&gt;
    from whisper.normalizers import EnglishTextNormalizer
projects\whisper\whisper\__init__.py:12: in &lt;module&gt;
    from .decoding import DecodingOptions, DecodingResult, decode, detect_language
projects\whisper\whisper\decoding.py:11: in &lt;module&gt;
    from .tokenizer import Tokenizer, get_tokenizer
projects\whisper\whisper\tokenizer.py:132: in &lt;module&gt;
    class Tokenizer:
projects\whisper\whisper\tokenizer.py:167: in Tokenizer
    class OptimizedEncoder:
projects\whisper\whisper\tokenizer.py:213: in OptimizedEncoder
    def _encode_impl(self, text: str, **kwargs) -&gt; Any:
                                                   ^^^
E   NameError: name 'Any' is not defined</error></testcase><testcase classname="" name="tests.test_timing" time="0.000"><error message="collection failure">projects\whisper\tests\test_timing.py:6: in &lt;module&gt;
    from whisper.timing import dtw_cpu, dtw_cuda, median_filter
projects\whisper\whisper\__init__.py:12: in &lt;module&gt;
    from .decoding import DecodingOptions, DecodingResult, decode, detect_language
projects\whisper\whisper\decoding.py:11: in &lt;module&gt;
    from .tokenizer import Tokenizer, get_tokenizer
projects\whisper\whisper\tokenizer.py:132: in &lt;module&gt;
    class Tokenizer:
projects\whisper\whisper\tokenizer.py:167: in Tokenizer
    class OptimizedEncoder:
projects\whisper\whisper\tokenizer.py:213: in OptimizedEncoder
    def _encode_impl(self, text: str, **kwargs) -&gt; Any:
                                                   ^^^
E   NameError: name 'Any' is not defined</error></testcase><testcase classname="" name="tests.test_tokenizer" time="0.000"><error message="collection failure">projects\whisper\tests\test_tokenizer.py:3: in &lt;module&gt;
    from whisper.tokenizer import get_tokenizer
projects\whisper\whisper\__init__.py:12: in &lt;module&gt;
    from .decoding import DecodingOptions, DecodingResult, decode, detect_language
projects\whisper\whisper\decoding.py:11: in &lt;module&gt;
    from .tokenizer import Tokenizer, get_tokenizer
projects\whisper\whisper\tokenizer.py:132: in &lt;module&gt;
    class Tokenizer:
projects\whisper\whisper\tokenizer.py:167: in Tokenizer
    class OptimizedEncoder:
projects\whisper\whisper\tokenizer.py:213: in OptimizedEncoder
    def _encode_impl(self, text: str, **kwargs) -&gt; Any:
                                                   ^^^
E   NameError: name 'Any' is not defined</error></testcase></testsuite></testsuites>