<?xml version="1.0" encoding="utf-8"?><testsuites name="pytest tests"><testsuite name="pytest" errors="0" failures="2" skipped="0" tests="26" time="13.431" timestamp="2025-11-25T08:57:40.494792-08:00" hostname="aiden"><testcase classname="tests.test_audio" name="test_audio" time="0.001"><failure message="NameError: name 'av' is not defined">E   NameError: name 'av' is not defined

During handling of the above exception, another exception occurred:
E   NameError: name 'av' is not defined</failure></testcase><testcase classname="tests.test_normalizer" name="test_number_normalizer[std0]" time="0.005" /><testcase classname="tests.test_normalizer" name="test_number_normalizer[std1]" time="0.009" /><testcase classname="tests.test_normalizer" name="test_spelling_normalizer" time="0.001" /><testcase classname="tests.test_normalizer" name="test_text_normalizer" time="0.003" /><testcase classname="tests.test_timing" name="test_dtw[10-20]" time="1.809" /><testcase classname="tests.test_timing" name="test_dtw[32-16]" time="0.001" /><testcase classname="tests.test_timing" name="test_dtw[123-1500]" time="0.010" /><testcase classname="tests.test_timing" name="test_dtw[234-189]" time="0.003" /><testcase classname="tests.test_timing" name="test_dtw_cuda_equivalence[10-20]" time="0.753" /><testcase classname="tests.test_timing" name="test_dtw_cuda_equivalence[32-16]" time="0.007" /><testcase classname="tests.test_timing" name="test_dtw_cuda_equivalence[123-1500]" time="0.013" /><testcase classname="tests.test_timing" name="test_dtw_cuda_equivalence[234-189]" time="0.004" /><testcase classname="tests.test_timing" name="test_median_filter[shape0]" time="0.003" /><testcase classname="tests.test_timing" name="test_median_filter[shape1]" time="0.002" /><testcase classname="tests.test_timing" name="test_median_filter[shape2]" time="0.013" /><testcase classname="tests.test_timing" name="test_median_filter[shape3]" time="5.174" /><testcase classname="tests.test_timing" name="test_median_filter_equivalence[shape0]" time="0.126" /><testcase classname="tests.test_timing" name="test_median_filter_equivalence[shape1]" time="0.006" /><testcase classname="tests.test_timing" name="test_median_filter_equivalence[shape2]" time="0.020" /><testcase classname="tests.test_timing" name="test_median_filter_equivalence[shape3]" time="1.627" /><testcase classname="tests.test_tokenizer" name="test_tokenizer[True]" time="0.096" /><testcase classname="tests.test_tokenizer" name="test_tokenizer[False]" time="0.001" /><testcase classname="tests.test_tokenizer" name="test_multilingual_tokenizer" time="0.195" /><testcase classname="tests.test_tokenizer" name="test_split_on_unicode" time="0.001" /><testcase classname="tests.test_transcribe" name="test_transcribe[tiny.en]" time="0.469"><failure message="NameError: name 'av' is not defined">E   NameError: name 'av' is not defined

During handling of the above exception, another exception occurred:
E   NameError: name 'av' is not defined</failure></testcase></testsuite></testsuites>